<?xml version="1.0" encoding="UTF-8"?>
<!-- Generated by org.testng.reporters.JUnitReportReporter -->
<testsuite hostname="Not_For_You" failures="0" tests="2" name="testNGExecution.TestMethod3" time="0.069" errors="0" timestamp="2023-07-18T15:28:03 IST" skipped="0">
  <testcase classname="testNGExecution.TestMethod3" name="testMethod5" time="0.034">
    <system-out>
      <![CDATA[thread id of testMethod5 : 21]]>
    </system-out>
  </testcase> <!-- testMethod5 -->
  <testcase classname="testNGExecution.TestMethod3" name="testMethod6" time="0.035">
    <system-out>
      <![CDATA[thread id of testMethod6 : 22]]>
    </system-out>
  </testcase> <!-- testMethod6 -->
  <system-out>
    <![CDATA[thread id of testMethod3 : 23
thread id of testMethod2 : 20
thread id of testMethod5 : 21
thread id of testMethod6 : 22
thread id of testMethod4 : 22
thread id of testMethod1 : 19]]>
  </system-out>
</testsuite> <!-- testNGExecution.TestMethod3 -->
