<?xml version="1.0" encoding="UTF-8"?>
<!-- Generated by org.testng.reporters.JUnitReportReporter -->
<testsuite hostname="Not_For_You" failures="0" tests="3" name="testNGAnnotation_Flags.Flag5" time="0.024" errors="0" timestamp="2023-07-22T15:21:26 IST" skipped="0">
  <testcase classname="testNGAnnotation_Flags.Flag5" name="loginMethod" time="0.014"/>
  <testcase classname="testNGAnnotation_Flags.Flag5" name="logoutMethod" time="0.003"/>
  <testcase classname="testNGAnnotation_Flags.Flag5" name="createUserMethod" time="0.007"/>
</testsuite> <!-- testNGAnnotation_Flags.Flag5 -->
