<?xml version="1.0" encoding="UTF-8"?>
<!-- Generated by org.testng.reporters.JUnitReportReporter -->
<testsuite hostname="Not_For_You" failures="0" tests="2" name="testNGExecution.TestMethod1" time="0.042" errors="0" timestamp="2023-07-18T15:28:03 IST" skipped="0">
  <testcase classname="testNGExecution.TestMethod1" name="testMethod1" time="0.016">
    <system-out>
      <![CDATA[thread id of testMethod1 : 19]]>
    </system-out>
  </testcase> <!-- testMethod1 -->
  <testcase classname="testNGExecution.TestMethod1" name="testMethod2" time="0.026">
    <system-out>
      <![CDATA[thread id of testMethod2 : 20]]>
    </system-out>
  </testcase> <!-- testMethod2 -->
  <system-out>
    <![CDATA[thread id of testMethod3 : 23
thread id of testMethod2 : 20
thread id of testMethod5 : 21
thread id of testMethod6 : 22
thread id of testMethod4 : 22
thread id of testMethod1 : 19]]>
  </system-out>
</testsuite> <!-- testNGExecution.TestMethod1 -->
