<?xml version="1.0" encoding="UTF-8"?>
<!-- Generated by org.testng.reporters.JUnitReportReporter -->
<testsuite hostname="Not_For_You" failures="0" tests="1" name="testNGPackage.Demo" time="0.018" errors="0" timestamp="2023-07-15T15:42:17 IST" skipped="0">
  <testcase classname="testNGPackage.Demo" name="f" time="0.018">
    <system-out>
      <![CDATA[This is demo testNG class]]>
    </system-out>
  </testcase> <!-- f -->
  <system-out>
    <![CDATA[This is demo testNG class
This is remo TestNG class
this is sumo TestNG class]]>
  </system-out>
</testsuite> <!-- testNGPackage.Demo -->
