<?xml version="1.0" encoding="UTF-8"?>
<!-- Generated by org.testng.reporters.JUnitReportReporter -->
<testsuite hostname="Not_For_You" failures="0" tests="1" name="testNGPackage.Remo" time="0.005" errors="0" timestamp="2023-07-15T15:42:17 IST" skipped="0">
  <testcase classname="testNGPackage.Remo" name="g" time="0.005">
    <system-out>
      <![CDATA[This is remo TestNG class]]>
    </system-out>
  </testcase> <!-- g -->
  <system-out>
    <![CDATA[This is demo testNG class
This is remo TestNG class
this is sumo TestNG class]]>
  </system-out>
</testsuite> <!-- testNGPackage.Remo -->
