<?xml version="1.0" encoding="UTF-8"?>
<!-- Generated by org.testng.reporters.JUnitReportReporter -->
<testsuite hostname="Not_For_You" failures="0" tests="1" name="testNGPackage.Sumo" time="0.004" errors="0" timestamp="2023-07-15T15:42:17 IST" skipped="0">
  <testcase classname="testNGPackage.Sumo" name="h" time="0.004">
    <system-out>
      <![CDATA[this is sumo TestNG class]]>
    </system-out>
  </testcase> <!-- h -->
  <system-out>
    <![CDATA[This is demo testNG class
This is remo TestNG class
this is sumo TestNG class]]>
  </system-out>
</testsuite> <!-- testNGPackage.Sumo -->
